<?xml version="1.0" encoding="UTF-8"?>
<!-- Generated by org.testng.reporters.JUnitReportReporter -->
<testsuite skipped="0" hostname="ESL009" name="enh.web.tests.IGP_TC_091" tests="1" failures="0" timestamp="24 Mar 2017 05:21:24 GMT" time="85.902" errors="0">
  <testcase name="test" time="85.902" classname="enh.web.tests.IGP_TC_091"/>
</testsuite> <!-- enh.web.tests.IGP_TC_091 -->
