<?xml version="1.0" encoding="UTF-8"?>
<!-- Generated by org.testng.reporters.JUnitReportReporter -->
<testsuite skipped="0" hostname="HP-PC" name="enh.web.tests.IGP_TC_090" tests="1" failures="0" timestamp="08 Apr 2017 05:38:22 GMT" time="44.923" errors="0">
  <testcase name="test" time="44.923" classname="enh.web.tests.IGP_TC_090"/>
</testsuite> <!-- enh.web.tests.IGP_TC_090 -->
