<?xml version="1.0" encoding="UTF-8"?>
<!-- Generated by org.testng.reporters.JUnitReportReporter -->
<testsuite skipped="0" hostname="HP-PC" name="suite.runner.CustomSuiteRunner" tests="1" failures="0" timestamp="08 Apr 2017 05:38:22 GMT" time="53.687" errors="0">
  <testcase name="suiteRunner" time="53.687" classname="suite.runner.CustomSuiteRunner"/>
</testsuite> <!-- suite.runner.CustomSuiteRunner -->
